2025-06-05 16:25:09,090 - DEBUG - Using selector: EpollSelector
2025-06-05 16:25:17,142 - DEBUG - Fetching CISA Alerts from https://www.cisa.gov/cybersecurity-advisories/all.xml with feedparser
2025-06-05 16:25:19,908 - DEBUG - Fetched 10 items from CISA Alerts
2025-06-05 16:25:19,927 - DEBUG - Processing 10 items for CISA Alerts in update_cve_text
2025-06-05 16:25:19,928 - DEBUG - Item 1 for CISA Alerts: {'id': '23474', 'title': 'Updated Guidance on Play Ransomware', 'link': 'https://www.cisa.gov/news-events/alerts/2025/06/04/updated-guidance-play-ransomware', 'published_date': datetime.datetime(2025, 6, 4, 12, 0)}
2025-06-05 16:25:19,928 - DEBUG - Item 2 for CISA Alerts: {'id': '23469', 'title': 'Schneider Electric Wiser Home Automation', 'link': 'https://www.cisa.gov/news-events/ics-advisories/icsa-25-153-01', 'published_date': datetime.datetime(2025, 6, 3, 12, 0)}
2025-06-05 16:25:19,929 - DEBUG - Item 3 for CISA Alerts: {'id': '23470', 'title': 'Schneider Electric EcoStruxure Power Build Rapsody', 'link': 'https://www.cisa.gov/news-events/ics-advisories/icsa-25-153-02', 'published_date': datetime.datetime(2025, 6, 3, 12, 0)}
2025-06-05 16:25:19,929 - DEBUG - Item 4 for CISA Alerts: {'id': '23465', 'title': 'CISA Adds Three Known Exploited Vulnerabilities to Catalog', 'link': 'https://www.cisa.gov/news-events/alerts/2025/06/03/cisa-adds-three-known-exploited-vulnerabilities-catalog', 'published_date': datetime.datetime(2025, 6, 3, 12, 0)}
2025-06-05 16:25:19,929 - DEBUG - Item 5 for CISA Alerts: {'id': '23471', 'title': 'Mitsubishi Electric MELSEC iQ-F Series', 'link': 'https://www.cisa.gov/news-events/ics-advisories/icsa-25-153-03', 'published_date': datetime.datetime(2025, 6, 3, 12, 0)}
2025-06-05 16:25:19,930 - DEBUG - Item 6 for CISA Alerts: {'id': '23472', 'title': 'CISA Releases Three Industrial Control Systems Advisories', 'link': 'https://www.cisa.gov/news-events/alerts/2025/06/03/cisa-releases-three-industrial-control-systems-advisories', 'published_date': datetime.datetime(2025, 6, 3, 12, 0)}
2025-06-05 16:25:19,930 - DEBUG - Item 7 for CISA Alerts: {'id': '23448', 'title': 'CISA Adds Five Known Exploited Vulnerabilities to Catalog', 'link': 'https://www.cisa.gov/news-events/alerts/2025/06/02/cisa-adds-five-known-exploited-vulnerabilities-catalog', 'published_date': datetime.datetime(2025, 6, 2, 12, 0)}
2025-06-05 16:25:19,930 - DEBUG - Item 8 for CISA Alerts: {'id': '23437', 'title': 'Siemens SiPass Integrated', 'link': 'https://www.cisa.gov/news-events/ics-advisories/icsa-25-148-02', 'published_date': datetime.datetime(2025, 5, 29, 12, 0)}
2025-06-05 16:25:19,930 - DEBUG - Item 9 for CISA Alerts: {'id': '23438', 'title': 'Consilium Safety CS5000 Fire Panel', 'link': 'https://www.cisa.gov/news-events/ics-advisories/icsa-25-148-03', 'published_date': datetime.datetime(2025, 5, 29, 12, 0)}
2025-06-05 16:25:19,931 - DEBUG - Item 10 for CISA Alerts: {'id': '23439', 'title': 'Instantel Micromate', 'link': 'https://www.cisa.gov/news-events/ics-advisories/icsa-25-148-04', 'published_date': datetime.datetime(2025, 5, 29, 12, 0)}
2025-06-05 16:25:23,966 - DEBUG - Fetched 10 items from Wired (Security)
2025-06-05 16:25:28,709 - DEBUG - Opening link: https://www.cisa.gov/news-events/alerts/2025/06/04/updated-guidance-play-ransomware
2025-06-05 16:25:52,759 - DEBUG - Opening link: https://www.wired.com/story/ctrl-alt-chaos-joe-tidy-book-excerpt/
2025-06-05 16:26:21,528 - DEBUG - Fetching Exploit-DB from https://www.exploit-db.com/rss.xml with feedparser
2025-06-05 16:26:22,146 - DEBUG - Fetched 10 items from Bleeping Computer
2025-06-05 16:26:23,744 - DEBUG - Fetched 10 items from Exploit-DB
2025-06-05 16:26:23,810 - DEBUG - Processing 10 items for Exploit-DB in update_cve_text
2025-06-05 16:26:23,810 - DEBUG - Item 1 for Exploit-DB: {'id': '[webapps] Campcodes Online Hospital Management System 1.0 - SQL Injection', 'title': '[webapps] Campcodes Online Hospital Management System 1.0 - SQL Injection', 'link': 'https://www.exploit-db.com/exploits/52312', 'published_date': datetime.datetime(2025, 5, 29, 0, 0)}
2025-06-05 16:26:23,811 - DEBUG - Item 2 for Exploit-DB: {'id': '[remote] SolarWinds Serv-U 15.4.2 HF1 - Directory Traversal', 'title': '[remote] SolarWinds Serv-U 15.4.2 HF1 - Directory Traversal', 'link': 'https://www.exploit-db.com/exploits/52311', 'published_date': datetime.datetime(2025, 5, 29, 0, 0)}
2025-06-05 16:26:23,813 - DEBUG - Item 3 for Exploit-DB: {'id': '[remote] Windows File Explorer Windows 11 (23H2) - NTLM Hash Disclosure', 'title': '[remote] Windows File Explorer Windows 11 (23H2) - NTLM Hash Disclosure', 'link': 'https://www.exploit-db.com/exploits/52310', 'published_date': datetime.datetime(2025, 5, 29, 0, 0)}
2025-06-05 16:26:23,814 - DEBUG - Item 4 for Exploit-DB: {'id': '[remote] Automic Agent 24.3.0 HF4 - Privilege Escalation', 'title': '[remote] Automic Agent 24.3.0 HF4 - Privilege Escalation', 'link': 'https://www.exploit-db.com/exploits/52309', 'published_date': datetime.datetime(2025, 5, 29, 0, 0)}
2025-06-05 16:26:23,815 - DEBUG - Item 5 for Exploit-DB: {'id': '[remote] Fortra GoAnywhere MFT 7.4.1 - Authentication Bypass', 'title': '[remote] Fortra GoAnywhere MFT 7.4.1 - Authentication Bypass', 'link': 'https://www.exploit-db.com/exploits/52308', 'published_date': datetime.datetime(2025, 5, 29, 0, 0)}
2025-06-05 16:26:23,816 - DEBUG - Item 6 for Exploit-DB: {'id': '[webapps] WordPress Digits Plugin 8.4.6.1 - Authentication Bypass via OTP Bruteforcing', 'title': '[webapps] WordPress Digits Plugin 8.4.6.1 - Authentication Bypass via OTP Bruteforcing', 'link': 'https://www.exploit-db.com/exploits/52307', 'published_date': datetime.datetime(2025, 5, 29, 0, 0)}
2025-06-05 16:26:23,817 - DEBUG - Item 7 for Exploit-DB: {'id': '[local] ABB Cylon Aspect Studio 3.08.03 - Binary Planting', 'title': '[local] ABB Cylon Aspect Studio 3.08.03 - Binary Planting', 'link': 'https://www.exploit-db.com/exploits/52306', 'published_date': datetime.datetime(2025, 5, 25, 0, 0)}
2025-06-05 16:26:23,818 - DEBUG - Item 8 for Exploit-DB: {'id': '[remote] ABB Cylon Aspect 3.08.03 - Guest2Root Privilege Escalation', 'title': '[remote] ABB Cylon Aspect 3.08.03 - Guest2Root Privilege Escalation', 'link': 'https://www.exploit-db.com/exploits/52305', 'published_date': datetime.datetime(2025, 5, 25, 0, 0)}
2025-06-05 16:26:23,818 - DEBUG - Item 9 for Exploit-DB: {'id': '[webapps] Java-springboot-codebase 1.1 - Arbitrary File Read', 'title': '[webapps] Java-springboot-codebase 1.1 - Arbitrary File Read', 'link': 'https://www.exploit-db.com/exploits/52304', 'published_date': datetime.datetime(2025, 5, 25, 0, 0)}
2025-06-05 16:26:23,819 - DEBUG - Item 10 for Exploit-DB: {'id': '[remote] Grandstream GSD3710 1.0.11.13 - Stack Buffer Overflow', 'title': '[remote] Grandstream GSD3710 1.0.11.13 - Stack Buffer Overflow', 'link': 'https://www.exploit-db.com/exploits/52303', 'published_date': datetime.datetime(2025, 5, 25, 0, 0)}
2025-06-05 16:26:24,023 - DEBUG - Fetching Exploit-DB from https://www.exploit-db.com/rss.xml with feedparser
2025-06-05 16:26:25,265 - DEBUG - Fetched 10 items from Exploit-DB
2025-06-05 16:26:26,889 - DEBUG - Fetched 10 items from Bleeping Computer
2025-06-05 16:26:26,993 - DEBUG - Processing 10 items for Exploit-DB in update_cve_text
2025-06-05 16:26:26,998 - DEBUG - Item 1 for Exploit-DB: {'id': '[webapps] Campcodes Online Hospital Management System 1.0 - SQL Injection', 'title': '[webapps] Campcodes Online Hospital Management System 1.0 - SQL Injection', 'link': 'https://www.exploit-db.com/exploits/52312', 'published_date': datetime.datetime(2025, 5, 29, 0, 0)}
2025-06-05 16:26:26,999 - DEBUG - Item 2 for Exploit-DB: {'id': '[remote] SolarWinds Serv-U 15.4.2 HF1 - Directory Traversal', 'title': '[remote] SolarWinds Serv-U 15.4.2 HF1 - Directory Traversal', 'link': 'https://www.exploit-db.com/exploits/52311', 'published_date': datetime.datetime(2025, 5, 29, 0, 0)}
2025-06-05 16:26:27,000 - DEBUG - Item 3 for Exploit-DB: {'id': '[remote] Windows File Explorer Windows 11 (23H2) - NTLM Hash Disclosure', 'title': '[remote] Windows File Explorer Windows 11 (23H2) - NTLM Hash Disclosure', 'link': 'https://www.exploit-db.com/exploits/52310', 'published_date': datetime.datetime(2025, 5, 29, 0, 0)}
2025-06-05 16:26:27,010 - DEBUG - Item 4 for Exploit-DB: {'id': '[remote] Automic Agent 24.3.0 HF4 - Privilege Escalation', 'title': '[remote] Automic Agent 24.3.0 HF4 - Privilege Escalation', 'link': 'https://www.exploit-db.com/exploits/52309', 'published_date': datetime.datetime(2025, 5, 29, 0, 0)}
2025-06-05 16:26:27,011 - DEBUG - Item 5 for Exploit-DB: {'id': '[remote] Fortra GoAnywhere MFT 7.4.1 - Authentication Bypass', 'title': '[remote] Fortra GoAnywhere MFT 7.4.1 - Authentication Bypass', 'link': 'https://www.exploit-db.com/exploits/52308', 'published_date': datetime.datetime(2025, 5, 29, 0, 0)}
2025-06-05 16:26:27,012 - DEBUG - Item 6 for Exploit-DB: {'id': '[webapps] WordPress Digits Plugin 8.4.6.1 - Authentication Bypass via OTP Bruteforcing', 'title': '[webapps] WordPress Digits Plugin 8.4.6.1 - Authentication Bypass via OTP Bruteforcing', 'link': 'https://www.exploit-db.com/exploits/52307', 'published_date': datetime.datetime(2025, 5, 29, 0, 0)}
2025-06-05 16:26:27,021 - DEBUG - Item 7 for Exploit-DB: {'id': '[local] ABB Cylon Aspect Studio 3.08.03 - Binary Planting', 'title': '[local] ABB Cylon Aspect Studio 3.08.03 - Binary Planting', 'link': 'https://www.exploit-db.com/exploits/52306', 'published_date': datetime.datetime(2025, 5, 25, 0, 0)}
2025-06-05 16:26:27,024 - DEBUG - Item 8 for Exploit-DB: {'id': '[remote] ABB Cylon Aspect 3.08.03 - Guest2Root Privilege Escalation', 'title': '[remote] ABB Cylon Aspect 3.08.03 - Guest2Root Privilege Escalation', 'link': 'https://www.exploit-db.com/exploits/52305', 'published_date': datetime.datetime(2025, 5, 25, 0, 0)}
2025-06-05 16:26:27,029 - DEBUG - Item 9 for Exploit-DB: {'id': '[webapps] Java-springboot-codebase 1.1 - Arbitrary File Read', 'title': '[webapps] Java-springboot-codebase 1.1 - Arbitrary File Read', 'link': 'https://www.exploit-db.com/exploits/52304', 'published_date': datetime.datetime(2025, 5, 25, 0, 0)}
2025-06-05 16:26:27,030 - DEBUG - Item 10 for Exploit-DB: {'id': '[remote] Grandstream GSD3710 1.0.11.13 - Stack Buffer Overflow', 'title': '[remote] Grandstream GSD3710 1.0.11.13 - Stack Buffer Overflow', 'link': 'https://www.exploit-db.com/exploits/52303', 'published_date': datetime.datetime(2025, 5, 25, 0, 0)}
2025-06-05 16:26:31,957 - DEBUG - Opening link: https://www.exploit-db.com/exploits/52312
2025-06-05 16:26:53,504 - DEBUG - Opening link: https://www.bleepingcomputer.com/news/security/us-offers-10m-for-tips-on-state-hackers-tied-to-redline-malware/
2025-06-05 16:27:17,304 - DEBUG - Fetched 10 items from The Hacker News
2025-06-05 16:27:23,557 - DEBUG - Opening link: https://thehackernews.com/2025/06/doj-seizes-145-domains-tied-to.html
2025-06-05 16:27:46,227 - DEBUG - Fetching NIST NVD from https://services.nvd.nist.gov/rest/json/cves/2.0?resultsPerPage=10&startIndex=0 with timeout 60s
2025-06-05 16:27:47,175 - DEBUG - Fetched 10 items from Krebs on Security
2025-06-05 16:27:48,212 - DEBUG - Fetched 10 items from NIST NVD
2025-06-05 16:27:48,214 - DEBUG - Processing 10 items for NIST NVD in update_cve_text
2025-06-05 16:27:48,214 - DEBUG - Item 1 for NIST NVD: {'id': 'CVE-1999-0095', 'description': 'The debug command in Sendmail is enabled, allowing attackers to execute commands as root.', 'published_date': datetime.datetime(1988, 10, 1, 4, 0), 'modified_date': datetime.datetime(2025, 4, 3, 1, 3, 51, 193000)}
2025-06-05 16:27:48,215 - DEBUG - Item 2 for NIST NVD: {'id': 'CVE-1999-0082', 'description': 'CWD ~root command in ftpd allows root access.', 'published_date': datetime.datetime(1988, 11, 11, 5, 0), 'modified_date': datetime.datetime(2025, 4, 3, 1, 3, 51, 193000)}
2025-06-05 16:27:48,215 - DEBUG - Item 3 for NIST NVD: {'id': 'CVE-1999-1471', 'description': 'Buffer overflow in passwd in BSD based operating systems 4.3 and earlier allows local users to gain root privileges by specifying a long shell or GECOS field.', 'published_date': datetime.datetime(1989, 1, 1, 5, 0), 'modified_date': datetime.datetime(2025, 4, 3, 1, 3, 51, 193000)}
2025-06-05 16:27:48,216 - DEBUG - Item 4 for NIST NVD: {'id': 'CVE-1999-1122', 'description': 'Vulnerability in restore in SunOS 4.0.3 and earlier allows local users to gain privileges.', 'published_date': datetime.datetime(1989, 7, 26, 4, 0), 'modified_date': datetime.datetime(2025, 4, 3, 1, 3, 51, 193000)}
2025-06-05 16:27:48,217 - DEBUG - Item 5 for NIST NVD: {'id': 'CVE-1999-1467', 'description': 'Vulnerability in rcp on SunOS 4.0.x allows remote attackers from trusted hosts to execute arbitrary commands as root, possibly related to the configuration of the nobody user.', 'published_date': datetime.datetime(1989, 10, 26, 4, 0), 'modified_date': datetime.datetime(2025, 4, 3, 1, 3, 51, 193000)}
2025-06-05 16:27:48,217 - DEBUG - Item 6 for NIST NVD: {'id': 'CVE-1999-1506', 'description': 'Vulnerability in SMI Sendmail 4.0 and earlier, on SunOS up to 4.0.3, allows remote attackers to access user bin.', 'published_date': datetime.datetime(1990, 1, 29, 5, 0), 'modified_date': datetime.datetime(2025, 4, 3, 1, 3, 51, 193000)}
2025-06-05 16:27:48,218 - DEBUG - Item 7 for NIST NVD: {'id': 'CVE-1999-0084', 'description': 'Certain NFS servers allow users to use mknod to gain privileges by creating a writable kmem device and setting the UID to 0.', 'published_date': datetime.datetime(1990, 5, 1, 4, 0), 'modified_date': datetime.datetime(2025, 4, 3, 1, 3, 51, 193000)}
2025-06-05 16:27:48,218 - DEBUG - Item 8 for NIST NVD: {'id': 'CVE-2000-0388', 'description': 'Buffer overflow in FreeBSD libmytinfo library allows local users to execute commands via a long TERMCAP environmental variable.', 'published_date': datetime.datetime(1990, 5, 9, 4, 0), 'modified_date': datetime.datetime(2025, 4, 3, 1, 3, 51, 193000)}
2025-06-05 16:27:48,219 - DEBUG - Item 9 for NIST NVD: {'id': 'CVE-1999-0209', 'description': 'The SunView (SunTools) selection_svc facility allows remote users to read files.', 'published_date': datetime.datetime(1990, 8, 14, 4, 0), 'modified_date': datetime.datetime(2025, 4, 3, 1, 3, 51, 193000)}
2025-06-05 16:27:48,220 - DEBUG - Item 10 for NIST NVD: {'id': 'CVE-1999-1198', 'description': 'BuildDisk program on NeXT systems before 2.0 does not prompt users for the root password, which allows local users to gain root privileges.', 'published_date': datetime.datetime(1990, 10, 3, 4, 0), 'modified_date': datetime.datetime(2025, 4, 3, 1, 3, 51, 193000)}
2025-06-05 16:27:57,406 - DEBUG - Opening link: https://krebsonsecurity.com/2025/05/u-s-sanctions-cloud-provider-funnull-as-top-source-of-pig-butchering-scams/
2025-06-05 16:27:58,685 - DEBUG - Opening link: https://krebsonsecurity.com/2025/05/u-s-sanctions-cloud-provider-funnull-as-top-source-of-pig-butchering-scams/
2025-06-05 16:28:31,783 - INFO - Zentivox report saved to /home/kali/Desktop/Report.json
